[2025-12-23 08:36:43] local.INFO: Update persona ricevuto {"persona_id":22,"data_keys":["nome","cognome","nato_a","nato_il","deceduto_a","deceduto_il","genitori","relazioni"],"has_relazioni":true,"relazioni":[{"persona_collegata_id":23,"tipo_legame_id":3,"data_legame":"1980-05-04","luogo_legame":"Firenze","tipo_evento_legame_id":1,"data_separazione":null,"luogo_separazione":null},{"persona_collegata_id":24,"tipo_legame_id":1},{"persona_collegata_id":25,"tipo_legame_id":1}]} 
[2025-12-23 08:36:43] local.INFO: syncRelazioni chiamato {"persona_id":22,"relazioni_count":3,"relazioni":[{"persona_collegata_id":23,"tipo_legame_id":3,"data_legame":"1980-05-04","luogo_legame":"Firenze","tipo_evento_legame_id":1,"data_separazione":null,"luogo_separazione":null},{"persona_collegata_id":24,"tipo_legame_id":1},{"persona_collegata_id":25,"tipo_legame_id":1}]} 
[2025-12-23 08:36:43] local.INFO: Creazione legame {"legameData":{"persona_id":22,"persona_collegata_id":23,"tipo_legame_id":3,"data_legame":"1980-05-04","luogo_legame":"Firenze","tipo_evento_legame_id":1,"data_separazione":null,"luogo_separazione":null}} 
[2025-12-23 08:36:43] local.INFO: Legame creato {"legame_id":1430,"legame":{"persona_id":22,"persona_collegata_id":23,"tipo_legame_id":3,"data_legame":"1980-05-04T00:00:00.000000Z","luogo_legame":"Firenze","tipo_evento_legame_id":1,"data_separazione":null,"luogo_separazione":null,"updated_at":"2025-12-23T08:36:43.000000Z","created_at":"2025-12-23T08:36:43.000000Z","id":1430}} 
[2025-12-23 08:36:43] local.INFO: Creazione relazione inversa {"legameInversoData":{"persona_id":23,"persona_collegata_id":22,"tipo_legame_id":3,"data_legame":"1980-05-04","luogo_legame":"Firenze","tipo_evento_legame_id":1,"data_separazione":null,"luogo_separazione":null}} 
[2025-12-23 08:36:43] local.INFO: Relazione inversa creata {"legame_id":1431} 
[2025-12-23 08:36:43] local.INFO: Creazione legame {"legameData":{"persona_id":22,"persona_collegata_id":24,"tipo_legame_id":1}} 
[2025-12-23 08:36:43] local.INFO: Legame creato {"legame_id":1432,"legame":{"persona_id":22,"persona_collegata_id":24,"tipo_legame_id":1,"updated_at":"2025-12-23T08:36:43.000000Z","created_at":"2025-12-23T08:36:43.000000Z","id":1432}} 
[2025-12-23 08:36:43] local.INFO: Creazione legame {"legameData":{"persona_id":22,"persona_collegata_id":25,"tipo_legame_id":1}} 
[2025-12-23 08:36:43] local.INFO: Legame creato {"legame_id":1433,"legame":{"persona_id":22,"persona_collegata_id":25,"tipo_legame_id":1,"updated_at":"2025-12-23T08:36:43.000000Z","created_at":"2025-12-23T08:36:43.000000Z","id":1433}} 
[2025-12-23 09:13:15] local.ERROR: Command "tinker" is not defined. {"exception":"[object] (Symfony\\Component\\Console\\Exception\\CommandNotFoundException(code: 0): Command \"tinker\" is not defined. at /media/luca/DISCO/APPLICAZIONI/PHP/nuovoAlberoGenealogoco/vendor/symfony/console/Application.php:759)
[stacktrace]
#0 /media/luca/DISCO/APPLICAZIONI/PHP/nuovoAlberoGenealogoco/vendor/symfony/console/Application.php(298): Symfony\\Component\\Console\\Application->find()
#1 /media/luca/DISCO/APPLICAZIONI/PHP/nuovoAlberoGenealogoco/vendor/symfony/console/Application.php(195): Symfony\\Component\\Console\\Application->doRun()
#2 /media/luca/DISCO/APPLICAZIONI/PHP/nuovoAlberoGenealogoco/vendor/laravel/framework/src/Illuminate/Foundation/Console/Kernel.php(197): Symfony\\Component\\Console\\Application->run()
#3 /media/luca/DISCO/APPLICAZIONI/PHP/nuovoAlberoGenealogoco/artisan(12): Illuminate\\Foundation\\Console\\Kernel->handle()
#4 {main}
"} 
[2025-12-23 09:33:38] local.ERROR: Method App\Console\Commands\ImportConsortiFromCsv::validaIdConsorte does not exist. {"exception":"[object] (BadMethodCallException(code: 0): Method App\\Console\\Commands\\ImportConsortiFromCsv::validaIdConsorte does not exist. at /media/luca/DISCO/APPLICAZIONI/PHP/nuovoAlberoGenealogoco/vendor/laravel/framework/src/Illuminate/Macroable/Traits/Macroable.php:115)
[stacktrace]
#0 /media/luca/DISCO/APPLICAZIONI/PHP/nuovoAlberoGenealogoco/app/Console/Commands/ImportConsortiFromCsv.php(285): Illuminate\\Console\\Command->__call()
#1 /media/luca/DISCO/APPLICAZIONI/PHP/nuovoAlberoGenealogoco/app/Console/Commands/ImportConsortiFromCsv.php(101): App\\Console\\Commands\\ImportConsortiFromCsv->trovaConsortePerNome()
#2 /media/luca/DISCO/APPLICAZIONI/PHP/nuovoAlberoGenealogoco/vendor/laravel/framework/src/Illuminate/Container/BoundMethod.php(36): App\\Console\\Commands\\ImportConsortiFromCsv->handle()
#3 /media/luca/DISCO/APPLICAZIONI/PHP/nuovoAlberoGenealogoco/vendor/laravel/framework/src/Illuminate/Container/Util.php(43): Illuminate\\Container\\BoundMethod::Illuminate\\Container\\{closure}()
#4 /media/luca/DISCO/APPLICAZIONI/PHP/nuovoAlberoGenealogoco/vendor/laravel/framework/src/Illuminate/Container/BoundMethod.php(96): Illuminate\\Container\\Util::unwrapIfClosure()
#5 /media/luca/DISCO/APPLICAZIONI/PHP/nuovoAlberoGenealogoco/vendor/laravel/framework/src/Illuminate/Container/BoundMethod.php(35): Illuminate\\Container\\BoundMethod::callBoundMethod()
#6 /media/luca/DISCO/APPLICAZIONI/PHP/nuovoAlberoGenealogoco/vendor/laravel/framework/src/Illuminate/Container/Container.php(799): Illuminate\\Container\\BoundMethod::call()
#7 /media/luca/DISCO/APPLICAZIONI/PHP/nuovoAlberoGenealogoco/vendor/laravel/framework/src/Illuminate/Console/Command.php(211): Illuminate\\Container\\Container->call()
#8 /media/luca/DISCO/APPLICAZIONI/PHP/nuovoAlberoGenealogoco/vendor/symfony/console/Command/Command.php(341): Illuminate\\Console\\Command->execute()
#9 /media/luca/DISCO/APPLICAZIONI/PHP/nuovoAlberoGenealogoco/vendor/laravel/framework/src/Illuminate/Console/Command.php(180): Symfony\\Component\\Console\\Command\\Command->run()
#10 /media/luca/DISCO/APPLICAZIONI/PHP/nuovoAlberoGenealogoco/vendor/symfony/console/Application.php(1102): Illuminate\\Console\\Command->run()
#11 /media/luca/DISCO/APPLICAZIONI/PHP/nuovoAlberoGenealogoco/vendor/symfony/console/Application.php(356): Symfony\\Component\\Console\\Application->doRunCommand()
#12 /media/luca/DISCO/APPLICAZIONI/PHP/nuovoAlberoGenealogoco/vendor/symfony/console/Application.php(195): Symfony\\Component\\Console\\Application->doRun()
#13 /media/luca/DISCO/APPLICAZIONI/PHP/nuovoAlberoGenealogoco/vendor/laravel/framework/src/Illuminate/Foundation/Console/Kernel.php(197): Symfony\\Component\\Console\\Application->run()
#14 /media/luca/DISCO/APPLICAZIONI/PHP/nuovoAlberoGenealogoco/artisan(12): Illuminate\\Foundation\\Console\\Kernel->handle()
#15 {main}
"} 
[2025-12-23 09:33:45] local.ERROR: Method App\Console\Commands\ImportConsortiFromCsv::validaIdConsorte does not exist. {"exception":"[object] (BadMethodCallException(code: 0): Method App\\Console\\Commands\\ImportConsortiFromCsv::validaIdConsorte does not exist. at /media/luca/DISCO/APPLICAZIONI/PHP/nuovoAlberoGenealogoco/vendor/laravel/framework/src/Illuminate/Macroable/Traits/Macroable.php:115)
[stacktrace]
#0 /media/luca/DISCO/APPLICAZIONI/PHP/nuovoAlberoGenealogoco/app/Console/Commands/ImportConsortiFromCsv.php(285): Illuminate\\Console\\Command->__call()
#1 /media/luca/DISCO/APPLICAZIONI/PHP/nuovoAlberoGenealogoco/app/Console/Commands/ImportConsortiFromCsv.php(101): App\\Console\\Commands\\ImportConsortiFromCsv->trovaConsortePerNome()
#2 /media/luca/DISCO/APPLICAZIONI/PHP/nuovoAlberoGenealogoco/vendor/laravel/framework/src/Illuminate/Container/BoundMethod.php(36): App\\Console\\Commands\\ImportConsortiFromCsv->handle()
#3 /media/luca/DISCO/APPLICAZIONI/PHP/nuovoAlberoGenealogoco/vendor/laravel/framework/src/Illuminate/Container/Util.php(43): Illuminate\\Container\\BoundMethod::Illuminate\\Container\\{closure}()
#4 /media/luca/DISCO/APPLICAZIONI/PHP/nuovoAlberoGenealogoco/vendor/laravel/framework/src/Illuminate/Container/BoundMethod.php(96): Illuminate\\Container\\Util::unwrapIfClosure()
#5 /media/luca/DISCO/APPLICAZIONI/PHP/nuovoAlberoGenealogoco/vendor/laravel/framework/src/Illuminate/Container/BoundMethod.php(35): Illuminate\\Container\\BoundMethod::callBoundMethod()
#6 /media/luca/DISCO/APPLICAZIONI/PHP/nuovoAlberoGenealogoco/vendor/laravel/framework/src/Illuminate/Container/Container.php(799): Illuminate\\Container\\BoundMethod::call()
#7 /media/luca/DISCO/APPLICAZIONI/PHP/nuovoAlberoGenealogoco/vendor/laravel/framework/src/Illuminate/Console/Command.php(211): Illuminate\\Container\\Container->call()
#8 /media/luca/DISCO/APPLICAZIONI/PHP/nuovoAlberoGenealogoco/vendor/symfony/console/Command/Command.php(341): Illuminate\\Console\\Command->execute()
#9 /media/luca/DISCO/APPLICAZIONI/PHP/nuovoAlberoGenealogoco/vendor/laravel/framework/src/Illuminate/Console/Command.php(180): Symfony\\Component\\Console\\Command\\Command->run()
#10 /media/luca/DISCO/APPLICAZIONI/PHP/nuovoAlberoGenealogoco/vendor/symfony/console/Application.php(1102): Illuminate\\Console\\Command->run()
#11 /media/luca/DISCO/APPLICAZIONI/PHP/nuovoAlberoGenealogoco/vendor/symfony/console/Application.php(356): Symfony\\Component\\Console\\Application->doRunCommand()
#12 /media/luca/DISCO/APPLICAZIONI/PHP/nuovoAlberoGenealogoco/vendor/symfony/console/Application.php(195): Symfony\\Component\\Console\\Application->doRun()
#13 /media/luca/DISCO/APPLICAZIONI/PHP/nuovoAlberoGenealogoco/vendor/laravel/framework/src/Illuminate/Foundation/Console/Kernel.php(197): Symfony\\Component\\Console\\Application->run()
#14 /media/luca/DISCO/APPLICAZIONI/PHP/nuovoAlberoGenealogoco/artisan(12): Illuminate\\Foundation\\Console\\Kernel->handle()
#15 {main}
"} 
